[11-Jan-2023 08:37:34 Asia/Jakarta] PHP Fatal error:  Maximum execution time of 30 seconds exceeded in /home2/kjsnneu777/public_html/application/views/data_perolehan_survei/cetak.php on line 106
[11-Jan-2023 08:38:07 Asia/Jakarta] PHP Fatal error:  Maximum execution time of 30 seconds exceeded in /home2/kjsnneu777/public_html/application/views/data_perolehan_survei/cetak.php on line 92
[11-Jan-2023 08:38:37 Asia/Jakarta] PHP Fatal error:  Maximum execution time of 30 seconds exceeded in /home2/kjsnneu777/public_html/application/views/data_perolehan_survei/cetak.php on line 106
[11-Jan-2023 08:42:12 Asia/Jakarta] PHP Fatal error:  Maximum execution time of 30 seconds exceeded in /home2/kjsnneu777/public_html/application/views/data_perolehan_survei/cetak.php on line 92
[11-Jan-2023 08:42:43 Asia/Jakarta] PHP Fatal error:  Maximum execution time of 30 seconds exceeded in /home2/kjsnneu777/public_html/application/views/data_perolehan_survei/cetak.php on line 106
[11-Jan-2023 09:13:19 Asia/Jakarta] PHP Fatal error:  Maximum execution time of 30 seconds exceeded in /home2/kjsnneu777/public_html/application/views/data_perolehan_survei/cetak.php on line 106
[11-Jan-2023 10:22:20 Asia/Jakarta] PHP Fatal error:  Maximum execution time of 30 seconds exceeded in /home2/kjsnneu777/public_html/application/views/data_perolehan_survei/cetak.php on line 106
[11-Jan-2023 10:22:52 Asia/Jakarta] PHP Fatal error:  Maximum execution time of 30 seconds exceeded in /home2/kjsnneu777/public_html/application/views/data_perolehan_survei/cetak.php on line 106
[11-Jan-2023 10:27:56 Asia/Jakarta] PHP Fatal error:  Maximum execution time of 30 seconds exceeded in /home2/kjsnneu777/public_html/application/views/data_perolehan_survei/cetak.php on line 106
[11-Jan-2023 10:28:28 Asia/Jakarta] PHP Fatal error:  Maximum execution time of 30 seconds exceeded in /home2/kjsnneu777/public_html/application/views/data_perolehan_survei/cetak.php on line 106
[11-Jan-2023 10:29:04 Asia/Jakarta] PHP Fatal error:  Maximum execution time of 30 seconds exceeded in /home2/kjsnneu777/public_html/application/views/data_perolehan_survei/cetak.php on line 106
[11-Jan-2023 10:30:07 Asia/Jakarta] PHP Fatal error:  Maximum execution time of 30 seconds exceeded in /home2/kjsnneu777/public_html/application/views/data_perolehan_survei/cetak.php on line 92
[03-Mar-2023 14:27:24 Asia/Jakarta] PHP Fatal error:  Method Illuminate\View\View::__toString() must not throw an exception, caught Illuminate\View\ViewException: syntax error, unexpected '<', expecting end of file (View: /home2/kjsnneu777/public_html/user/application/views/manage_survey/modal_create_survey.blade.php) in /home2/kjsnneu777/public_html/user/application/helpers/view_helper.php on line 0
[03-Mar-2023 14:28:08 Asia/Jakarta] PHP Fatal error:  Method Illuminate\View\View::__toString() must not throw an exception, caught Illuminate\View\ViewException: syntax error, unexpected '<', expecting end of file (View: /home2/kjsnneu777/public_html/user/application/views/manage_survey/modal_create_survey.blade.php) in /home2/kjsnneu777/public_html/user/application/helpers/view_helper.php on line 0
[03-Mar-2023 14:28:53 Asia/Jakarta] PHP Fatal error:  Method Illuminate\View\View::__toString() must not throw an exception, caught Illuminate\View\ViewException: syntax error, unexpected '<', expecting end of file (View: /home2/kjsnneu777/public_html/user/application/views/manage_survey/modal_create_survey.blade.php) in /home2/kjsnneu777/public_html/user/application/helpers/view_helper.php on line 0
[03-Mar-2023 14:30:35 Asia/Jakarta] PHP Fatal error:  Method Illuminate\View\View::__toString() must not throw an exception, caught Illuminate\View\ViewException: syntax error, unexpected '<', expecting end of file (View: /home2/kjsnneu777/public_html/user/application/views/manage_survey/modal_create_survey.blade.php) in /home2/kjsnneu777/public_html/user/application/helpers/view_helper.php on line 0
[03-Mar-2023 14:30:40 Asia/Jakarta] PHP Fatal error:  Method Illuminate\View\View::__toString() must not throw an exception, caught Illuminate\View\ViewException: syntax error, unexpected '<', expecting end of file (View: /home2/kjsnneu777/public_html/user/application/views/manage_survey/modal_create_survey.blade.php) in /home2/kjsnneu777/public_html/user/application/helpers/view_helper.php on line 0
[03-Mar-2023 14:31:34 Asia/Jakarta] PHP Fatal error:  Method Illuminate\View\View::__toString() must not throw an exception, caught Illuminate\View\ViewException: syntax error, unexpected '<', expecting end of file (View: /home2/kjsnneu777/public_html/user/application/views/manage_survey/modal_create_survey.blade.php) in /home2/kjsnneu777/public_html/user/application/helpers/view_helper.php on line 0
[03-Mar-2023 14:32:08 Asia/Jakarta] PHP Fatal error:  Method Illuminate\View\View::__toString() must not throw an exception, caught Illuminate\View\ViewException: syntax error, unexpected '<', expecting end of file (View: /home2/kjsnneu777/public_html/user/application/views/manage_survey/modal_create_survey.blade.php) in /home2/kjsnneu777/public_html/user/application/helpers/view_helper.php on line 0
[03-Mar-2023 14:32:38 Asia/Jakarta] PHP Fatal error:  Method Illuminate\View\View::__toString() must not throw an exception, caught Illuminate\View\ViewException: syntax error, unexpected '<', expecting end of file (View: /home2/kjsnneu777/public_html/user/application/views/manage_survey/modal_create_survey.blade.php) in /home2/kjsnneu777/public_html/user/application/helpers/view_helper.php on line 0
[03-Mar-2023 14:33:32 Asia/Jakarta] PHP Fatal error:  Method Illuminate\View\View::__toString() must not throw an exception, caught Illuminate\View\ViewException: syntax error, unexpected '<', expecting end of file (View: /home2/kjsnneu777/public_html/user/application/views/manage_survey/modal_create_survey.blade.php) in /home2/kjsnneu777/public_html/user/application/helpers/view_helper.php on line 0
[03-Mar-2023 14:34:11 Asia/Jakarta] PHP Fatal error:  Method Illuminate\View\View::__toString() must not throw an exception, caught Illuminate\View\ViewException: syntax error, unexpected '<', expecting end of file (View: /home2/kjsnneu777/public_html/user/application/views/manage_survey/modal_create_survey.blade.php) in /home2/kjsnneu777/public_html/user/application/helpers/view_helper.php on line 0
[03-Mar-2023 14:35:24 Asia/Jakarta] PHP Fatal error:  Method Illuminate\View\View::__toString() must not throw an exception, caught Illuminate\View\ViewException: syntax error, unexpected '<', expecting end of file (View: /home2/kjsnneu777/public_html/user/application/views/manage_survey/modal_create_survey.blade.php) in /home2/kjsnneu777/public_html/user/application/helpers/view_helper.php on line 0
[03-Mar-2023 14:35:32 Asia/Jakarta] PHP Fatal error:  Method Illuminate\View\View::__toString() must not throw an exception, caught Illuminate\View\ViewException: syntax error, unexpected '<', expecting end of file (View: /home2/kjsnneu777/public_html/user/application/views/manage_survey/modal_create_survey.blade.php) in /home2/kjsnneu777/public_html/user/application/helpers/view_helper.php on line 0
[03-Mar-2023 14:36:19 Asia/Jakarta] PHP Fatal error:  Method Illuminate\View\View::__toString() must not throw an exception, caught Illuminate\View\ViewException: syntax error, unexpected '<', expecting end of file (View: /home2/kjsnneu777/public_html/user/application/views/manage_survey/modal_create_survey.blade.php) in /home2/kjsnneu777/public_html/user/application/helpers/view_helper.php on line 0
[26-Apr-2023 16:02:10 Asia/Jakarta] PHP Fatal error:  Method Illuminate\View\View::__toString() must not throw an exception, caught Illuminate\View\ViewException: syntax error, unexpected ':', expecting '(' (View: /home2/kjsnneu777/public_html/user/application/views/manage_survey/form_repository.blade.php) in /home2/kjsnneu777/public_html/user/application/helpers/view_helper.php on line 0
